#
# There is insufficient memory for the Java Runtime Environment to continue.
# Native memory allocation (malloc) failed to allocate 346896 bytes for Chunk::new
# Possible reasons:
#   The system is out of physical RAM or swap space
#   In 32 bit mode, the process size limit was hit
# Possible solutions:
#   Reduce memory load on the system
#   Increase physical memory or swap space
#   Check if swap backing store is full
#   Use 64 bit Java on a 64 bit OS
#   Decrease Java heap size (-Xmx/-Xms)
#   Decrease number of Java threads
#   Decrease Java thread stack sizes (-Xss)
#   Set larger code cache with -XX:ReservedCodeCacheSize=
# This output file may be truncated or incomplete.
#
#  Out of Memory Error (allocation.cpp:390), pid=4576, tid=0x00000000000029e8
#
# JRE version: Java(TM) SE Runtime Environment (8.0_101-b13) (build 1.8.0_101-b13)
# Java VM: Java HotSpot(TM) 64-Bit Server VM (25.101-b13 mixed mode windows-amd64 compressed oops)
# Failed to write core dump. Minidumps are not enabled by default on client versions of Windows
#

---------------  T H R E A D  ---------------

Current thread (0x0000000014ff9800):  JavaThread "C2 CompilerThread1" daemon [_thread_in_native, id=10728, stack(0x00000000166e0000,0x00000000167e0000)]

Stack: [0x00000000166e0000,0x00000000167e0000]
[error occurred during error reporting (printing stack bounds), id 0xc0000005]

Native frames: (J=compiled Java code, j=interpreted, Vv=VM code, C=native code)


Current CompileTask:
C2:   3000  713       4       com.android.dx.ssa.SsaBasicBlock::forEachInsn (37 bytes)


---------------  P R O C E S S  ---------------

Java Threads: ( => current thread )
  0x00000000167e4800 JavaThread "Service Thread" daemon [_thread_blocked, id=14028, stack(0x0000000016ce0000,0x0000000016de0000)]
  0x00000000167e0800 JavaThread "C1 CompilerThread2" daemon [_thread_blocked, id=6284, stack(0x0000000016be0000,0x0000000016ce0000)]
=>0x0000000014ff9800 JavaThread "C2 CompilerThread1" daemon [_thread_in_native, id=10728, stack(0x00000000166e0000,0x00000000167e0000)]
  0x0000000014f9e000 JavaThread "C2 CompilerThread0" daemon [_thread_blocked, id=3960, stack(0x00000000165e0000,0x00000000166e0000)]
  0x0000000014f9c000 JavaThread "Attach Listener" daemon [_thread_blocked, id=5440, stack(0x00000000164e0000,0x00000000165e0000)]
  0x0000000014f9a800 JavaThread "Signal Dispatcher" daemon [_thread_blocked, id=3360, stack(0x00000000163e0000,0x00000000164e0000)]
  0x0000000014f8a000 JavaThread "Finalizer" daemon [_thread_blocked, id=4284, stack(0x00000000161f0000,0x00000000162f0000)]
  0x00000000028c0000 JavaThread "Reference Handler" daemon [_thread_blocked, id=7480, stack(0x00000000160f0000,0x00000000161f0000)]
  0x00000000027ad800 JavaThread "main" [_thread_in_vm, id=11096, stack(0x0000000000da0000,0x0000000000ea0000)]

Other Threads:
  0x0000000014f66800 VMThread [stack: 0x0000000015ff0000,0x00000000160f0000] [id=176]
  0x00000000167fb800 WatcherThread [stack: 0x0000000016de0000,0x0000000016ee0000] [id=13636]

VM state:not at safepoint (normal execution)

VM Mutex/Monitor currently owned by a thread: None

Heap:
 PSYoungGen      total 38400K, used 11348K [0x00000000eab00000, 0x00000000ed580000, 0x0000000100000000)
  eden space 33280K, 34% used [0x00000000eab00000,0x00000000eb6152c0,0x00000000ecb80000)
  from space 5120K, 0% used [0x00000000ed080000,0x00000000ed080000,0x00000000ed580000)
  to   space 5120K, 0% used [0x00000000ecb80000,0x00000000ecb80000,0x00000000ed080000)
 ParOldGen       total 87552K, used 0K [0x00000000c0000000, 0x00000000c5580000, 0x00000000eab00000)
  object space 87552K, 0% used [0x00000000c0000000,0x00000000c0000000,0x00000000c5580000)
 Metaspace       used 5291K, capacity 6704K, committed 6784K, reserved 1056768K
  class space    used 548K, capacity 616K, committed 640K, reserved 1048576K

Card table byte_map: [0x0000000011c90000,0x0000000011ea0000] byte_map_base: 0x0000000011690000

Marking Bits: (ParMarkBitMap*) 0x0000000077f7a6d0
 Begin Bits: [0x0000000012400000, 0x0000000013400000)
 End Bits:   [0x0000000013400000, 0x0000000014400000)

Polling page: 0x0000000000b80000

CodeCache: size=245760Kb used=3302Kb max_used=3302Kb free=242457Kb
 bounds [0x00000000028d0000, 0x0000000002c10000, 0x00000000118d0000]
 total_blobs=1023 nmethods=763 adapters=173
 compilation: enabled

Compilation events (10 events):
Event: 2.993 Thread 0x00000000167e0800 nmethod 762 0x0000000002c08590 code [0x0000000002c08740, 0x0000000002c08dc8]
Event: 2.993 Thread 0x00000000167e0800  760       3       com.android.dx.cf.code.OneLocalsArray::<init> (22 bytes)
Event: 2.993 Thread 0x00000000167e0800 nmethod 760 0x0000000002c08fd0 code [0x0000000002c09140, 0x0000000002c094b0]
Event: 2.993 Thread 0x00000000167e0800  761       3       com.android.dx.cf.code.LocalsArray::<init> (6 bytes)
Event: 2.993 Thread 0x00000000167e0800 nmethod 761 0x0000000002bfe310 code [0x0000000002bfe480, 0x0000000002bfe690]
Event: 2.993 Thread 0x00000000167e0800  756       1       com.android.dx.dex.code.Dop::hasResult (5 bytes)
Event: 2.993 Thread 0x00000000167e0800 nmethod 756 0x0000000002c09610 code [0x0000000002c09760, 0x0000000002c09870]
Event: 2.994 Thread 0x00000000167e0800  763       3       com.android.dx.dex.file.Section::throwIfPrepared (18 bytes)
Event: 2.994 Thread 0x00000000167e0800 nmethod 763 0x0000000002c098d0 code [0x0000000002c09a40, 0x0000000002c09c88]
Event: 2.995 Thread 0x00000000167e0800  764       3       java.util.HashMap::resize (359 bytes)

GC Heap History (0 events):
No events

Deoptimization events (4 events):
Event: 2.613 Thread 0x00000000027ad800 Uncommon trap: reason=unstable_if action=reinterpret pc=0x0000000002acaf7c method=java.util.HashMap.getNode(ILjava/lang/Object;)Ljava/util/HashMap$Node; @ 62
Event: 2.631 Thread 0x00000000027ad800 Uncommon trap: reason=unstable_if action=reinterpret pc=0x0000000002b0a730 method=java.util.BitSet.nextSetBit(I)I @ 87
Event: 2.741 Thread 0x00000000027ad800 Uncommon trap: reason=class_check action=maybe_recompile pc=0x0000000002b42df0 method=com.android.dx.ssa.NormalSsaInsn.accept(Lcom/android/dx/ssa/SsaInsn$Visitor;)V @ 9
Event: 2.956 Thread 0x00000000027ad800 Uncommon trap: reason=class_check action=maybe_recompile pc=0x0000000002b42df0 method=com.android.dx.ssa.NormalSsaInsn.accept(Lcom/android/dx/ssa/SsaInsn$Visitor;)V @ 9

Internal exceptions (2 events):
Event: 0.729 Thread 0x00000000027ad800 Exception <a 'java/lang/NoSuchMethodError': Method sun.misc.Unsafe.defineClass(Ljava/lang/String;[BII)Ljava/lang/Class; name or signature does not match> (0x00000000eab07cc0) thrown at [C:\re\workspace\8-2-build-windows-amd64-cygwin\jdk8u101\7261\hotspot\sXn´áþSç?
Event: 0.729 Thread 0x00000000027ad800 Exception <a 'java/lang/NoSuchMethodError': Method sun.misc.Unsafe.prefetchRead(Ljava/lang/Object;J)V name or signature does not match> (0x00000000eab07fa8) thrown at [C:\re\workspace\8-2-build-windows-amd64-cygwin\jdk8u101\7261\hotspot\src\share\vm\prims\

Events (10 events):
Event: 2.759 loading class com/android/dx/cf/attrib/BaseAnnotations done
Event: 2.856 loading class com/android/dx/rop/cst/CstArray$List
Event: 2.856 loading class com/android/dx/rop/cst/CstArray$List done
Event: 2.950 loading class java/util/ArrayList$1
Event: 2.950 loading class java/util/ArrayList$1 done
Event: 2.956 Thread 0x00000000027ad800 Uncommon trap: trap_request=0xffffffde fr.pc=0x0000000002b42df0
Event: 2.956 Thread 0x00000000027ad800 DEOPT PACKING pc=0x0000000002b42df0 sp=0x0000000000e9eaa0
Event: 2.956 Thread 0x00000000027ad800 DEOPT UNPACKING pc=0x000000000291582a sp=0x0000000000e9ea30 mode 2
Event: 2.973 loading class com/android/dx/dex/file/MethodAnnotationStruct
Event: 2.973 loading class com/android/dx/dex/file/MethodAnnotationStruct done


Dynamic libraries:
0x00007ff697f70000 - 0x00007ff697fa7000 	D:\Java\jdk1.8.0_101\bin\java.exe
0x00007ffcc4ea0000 - 0x00007ffcc5071000 	C:\WINDOWS\SYSTEM32\ntdll.dll
0x00007ffcc2430000 - 0x00007ffcc24db000 	C:\WINDOWS\System32\KERNEL32.DLL
0x00007ffcc1610000 - 0x00007ffcc182d000 	C:\WINDOWS\System32\KERNELBASE.dll
0x00007ffcc46d0000 - 0x00007ffcc4772000 	C:\WINDOWS\System32\ADVAPI32.dll
0x00007ffcc4490000 - 0x00007ffcc452e000 	C:\WINDOWS\System32\msvcrt.dll
0x00007ffcc4400000 - 0x00007ffcc4459000 	C:\WINDOWS\System32\sechost.dll
0x00007ffcc3fb0000 - 0x00007ffcc40d1000 	C:\WINDOWS\System32\RPCRT4.dll
0x00007ffcc4c90000 - 0x00007ffcc4df5000 	C:\WINDOWS\System32\USER32.dll
0x00007ffcc21f0000 - 0x00007ffcc220e000 	C:\WINDOWS\System32\win32u.dll
0x00007ffcc3f70000 - 0x00007ffcc3fa4000 	C:\WINDOWS\System32\GDI32.dll
0x00007ffcc1880000 - 0x00007ffcc1a02000 	C:\WINDOWS\System32\gdi32full.dll
0x00007ffcbaf30000 - 0x00007ffcbb1a9000 	C:\WINDOWS\WinSxS\amd64_microsoft.windows.common-controls_6595b64144ccf1df_6.0.14393.447_none_42191651c6827bb3\COMCTL32.dll
0x00007ffcc3bd0000 - 0x00007ffcc3e98000 	C:\WINDOWS\System32\combase.dll
0x00007ffcc2330000 - 0x00007ffcc2425000 	C:\WINDOWS\System32\ucrtbase.dll
0x00007ffcc2210000 - 0x00007ffcc227a000 	C:\WINDOWS\System32\bcryptPrimitives.dll
0x00007ffcc4460000 - 0x00007ffcc448e000 	C:\WINDOWS\System32\IMM32.DLL
0x00000000506e0000 - 0x00000000507b2000 	D:\Java\jdk1.8.0_101\jre\bin\msvcr100.dll
0x0000000077760000 - 0x0000000077ffa000 	D:\Java\jdk1.8.0_101\jre\bin\server\jvm.dll
0x00007ffcc4250000 - 0x00007ffcc4258000 	C:\WINDOWS\System32\PSAPI.DLL
0x00007ffcaefa0000 - 0x00007ffcaefa9000 	C:\WINDOWS\SYSTEM32\WSOCK32.dll
0x00007ffcc3f00000 - 0x00007ffcc3f6a000 	C:\WINDOWS\System32\WS2_32.dll
0x00007ffcbed00000 - 0x00007ffcbed23000 	C:\WINDOWS\SYSTEM32\WINMM.dll
0x00007ffcbddf0000 - 0x00007ffcbddfa000 	C:\WINDOWS\SYSTEM32\VERSION.dll
0x00007ffcbeca0000 - 0x00007ffcbeccb000 	C:\WINDOWS\SYSTEM32\WINMMBASE.dll
0x00007ffcc1830000 - 0x00007ffcc1872000 	C:\WINDOWS\System32\cfgmgr32.dll
0x00000000506d0000 - 0x00000000506df000 	D:\Java\jdk1.8.0_101\jre\bin\verify.dll
0x00000000506a0000 - 0x00000000506c9000 	D:\Java\jdk1.8.0_101\jre\bin\java.dll
0x0000000050680000 - 0x0000000050696000 	D:\Java\jdk1.8.0_101\jre\bin\zip.dll
0x00007ffcc2500000 - 0x00007ffcc3a09000 	C:\WINDOWS\System32\SHELL32.dll
0x00007ffcc1b10000 - 0x00007ffcc21ea000 	C:\WINDOWS\System32\windows.storage.dll
0x00007ffcc1310000 - 0x00007ffcc135c000 	C:\WINDOWS\System32\powrprof.dll
0x00007ffcc3ea0000 - 0x00007ffcc3ef2000 	C:\WINDOWS\System32\shlwapi.dll
0x00007ffcc1360000 - 0x00007ffcc136f000 	C:\WINDOWS\System32\kernel.appcore.dll
0x00007ffcc2280000 - 0x00007ffcc2329000 	C:\WINDOWS\System32\shcore.dll
0x00007ffcc1370000 - 0x00007ffcc1384000 	C:\WINDOWS\System32\profapi.dll

VM Arguments:
jvm_args: -Djava.awt.headless=true -Xmx1024M -Dfile.encoding=UTF-8 -Duser.country=SG -Duser.language=en -Duser.variant 
java_command: com.android.dx.command.Main --dex --force-jumbo --multi-dex --output D:\WeSave\app\build\intermediates\transforms\dex\debug\folders\1000\10\com.android.support-design-24.2.1_0ab47ced7ebde9cc6eb5fb0e651966b494338814 D:\WeSave\app\build\intermediates\exploded-aar\com.android.support\design\24.2.1\jars\classes.jar
java_class_path (initial): D:\Android\sdk\build-tools\21.1.2\lib\dx.jar
Launcher Type: SUN_STANDARD

Environment Variables:
JAVA_HOME=D:\Java\jdk1.8.0_101
PATH=C:\ProgramData\Oracle\Java\javapath;C:\Program Files (x86)\Intel\iCLS Client\;C:\Program Files\Intel\iCLS Client\;C:\Program Files (x86)\NVIDIA Corporation\PhysX\Common;C:\WINDOWS\system32;C:\WINDOWS;C:\WINDOWS\System32\Wbem;C:\WINDOWS\System32\WindowsPowerShell\v1.0\;C:\Program Files (x86)\Windows Live\Shared;C:\Program Files (x86)\Intel\OpenCL SDK\2.0\bin\x86;C:\Program Files (x86)\Intel\OpenCL SDK\2.0\bin\x64;C:\Program Files\Intel\Intel(R) Management Engine Components\DAL;C:\Program Files\Intel\Intel(R) Management Engine Components\IPT;C:\Program Files (x86)\Intel\Intel(R) Management Engine Components\DAL;C:\Program Files (x86)\Intel\Intel(R) Management Engine Components\IPT;C:\Program Files\Diskeeper Corporation\ExpressCache\;C:\Program Files\Microsoft SQL Server\130\Tools\Binn\;C:\php56;%JAVA_HOME%\bin\;%APACHE_HOME%\bin\;C:\ProgramData\ComposerSetup\bin;C:\Program Files\TortoiseSVN\bin;%PYTHON_HOME%\Scripts;%PYTHON_HOME%;D:\nodejs\;C:\Users\Huihui\AppData\Local\GitHub\PortableGit_63435a79518b44808827aa3194b76bea96231189\cmd;C:\Program Files (x86)\GnuWin32\bin;%CYGWIN_HOME%\bin;%APACHE_ANT_HOME%\bin;D:\PostgreSQL\pg95\bin;%NODE_HOME%\*;C:\Users\Huihui\AppData\Roaming\Composer\vendor\bin;C:\Users\Huihui\AppData\Local\Microsoft\WindowsApps;C:\Users\Huihui\AppData\Roaming\npm
USERNAME=Yong
OS=Windows_NT
PROCESSOR_IDENTIFIER=Intel64 Family 6 Model 58 Stepping 9, GenuineIntel



---------------  S Y S T E M  ---------------

OS: Windows 10.0 , 64 bit Build 14393 (10.0.14393.0)

CPU:total 4 (2 cores per cpu, 2 threads per core) family 6 model 58 stepping 9, cmov, cx8, fxsr, mmx, sse, sse2, sse3, ssse3, sse4.1, sse4.2, popcnt, avx, aes, clmul, erms, ht, tsc, tscinvbit, tscinv

Memory: 4k page, physical 8271376k(1054788k free), swap 10222096k(5312k free)

vm_info: Java HotSpot(TM) 64-Bit Server VM (25.101-b13) for windows-amd64 JRE (1.8.0_101-b13), built on Jun 22 2016 01:21:29 by "java_re" with MS VC++ 10.0 (VS2010)

time: Wed Jan 18 19:07:49 2017
elapsed time: 3 seconds (0d 0h 0m 3s)

