#
# There is insufficient memory for the Java Runtime Environment to continue.
# Native memory allocation (malloc) failed to allocate 234736 bytes for Chunk::new
# Possible reasons:
#   The system is out of physical RAM or swap space
#   In 32 bit mode, the process size limit was hit
# Possible solutions:
#   Reduce memory load on the system
#   Increase physical memory or swap space
#   Check if swap backing store is full
#   Use 64 bit Java on a 64 bit OS
#   Decrease Java heap size (-Xmx/-Xms)
#   Decrease number of Java threads
#   Decrease Java thread stack sizes (-Xss)
#   Set larger code cache with -XX:ReservedCodeCacheSize=
# This output file may be truncated or incomplete.
#
#  Out of Memory Error (allocation.cpp:390), pid=13964, tid=0x0000000000000e9c
#
# JRE version: Java(TM) SE Runtime Environment (8.0_101-b13) (build 1.8.0_101-b13)
# Java VM: Java HotSpot(TM) 64-Bit Server VM (25.101-b13 mixed mode windows-amd64 compressed oops)
# Failed to write core dump. Minidumps are not enabled by default on client versions of Windows
#

---------------  T H R E A D  ---------------

Current thread (0x00000000150b0800):  JavaThread "C2 CompilerThread1" daemon [_thread_in_native, id=3740, stack(0x0000000016810000,0x0000000016910000)]

Stack: [0x0000000016810000,0x0000000016910000]
[error occurred during error reporting (printing stack bounds), id 0xc0000005]

Native frames: (J=compiled Java code, j=interpreted, Vv=VM code, C=native code)


Current CompileTask:
C2:   5417  647       4       com.android.dx.ssa.back.LivenessAnalyzer::handleTailRecursion (94 bytes)


---------------  P R O C E S S  ---------------

Java Threads: ( => current thread )
  0x0000000016914800 JavaThread "Service Thread" daemon [_thread_blocked, id=7456, stack(0x0000000016e10000,0x0000000016f10000)]
  0x0000000016910800 JavaThread "C1 CompilerThread2" daemon [_thread_blocked, id=11136, stack(0x0000000016d10000,0x0000000016e10000)]
=>0x00000000150b0800 JavaThread "C2 CompilerThread1" daemon [_thread_in_native, id=3740, stack(0x0000000016810000,0x0000000016910000)]
  0x00000000150ae000 JavaThread "C2 CompilerThread0" daemon [_thread_in_native, id=5156, stack(0x0000000016710000,0x0000000016810000)]
  0x00000000150ac000 JavaThread "Attach Listener" daemon [_thread_blocked, id=11860, stack(0x0000000016610000,0x0000000016710000)]
  0x00000000150aa800 JavaThread "Signal Dispatcher" daemon [_thread_blocked, id=10452, stack(0x0000000016510000,0x0000000016610000)]
  0x000000001509a000 JavaThread "Finalizer" daemon [_thread_blocked, id=14300, stack(0x0000000016320000,0x0000000016420000)]
  0x0000000015079000 JavaThread "Reference Handler" daemon [_thread_blocked, id=14244, stack(0x0000000016220000,0x0000000016320000)]
  0x000000000264d800 JavaThread "main" [_thread_in_Java, id=14004, stack(0x00000000026e0000,0x00000000027e0000)]

Other Threads:
  0x0000000015076800 VMThread [stack: 0x0000000016120000,0x0000000016220000] [id=5776]
  0x000000001692b800 WatcherThread [stack: 0x0000000016f10000,0x0000000017010000] [id=11688]

VM state:not at safepoint (normal execution)

VM Mutex/Monitor currently owned by a thread: None

Heap:
 PSYoungGen      total 38400K, used 10031K [0x00000000eab00000, 0x00000000ed580000, 0x0000000100000000)
  eden space 33280K, 30% used [0x00000000eab00000,0x00000000eb4cbed0,0x00000000ecb80000)
  from space 5120K, 0% used [0x00000000ed080000,0x00000000ed080000,0x00000000ed580000)
  to   space 5120K, 0% used [0x00000000ecb80000,0x00000000ecb80000,0x00000000ed080000)
 ParOldGen       total 87552K, used 0K [0x00000000c0000000, 0x00000000c5580000, 0x00000000eab00000)
  object space 87552K, 0% used [0x00000000c0000000,0x00000000c0000000,0x00000000c5580000)
 Metaspace       used 5102K, capacity 6512K, committed 6784K, reserved 1056768K
  class space    used 540K, capacity 616K, committed 640K, reserved 1048576K

Card table byte_map: [0x0000000011da0000,0x0000000011fb0000] byte_map_base: 0x00000000117a0000

Marking Bits: (ParMarkBitMap*) 0x0000000077f7a6d0
 Begin Bits: [0x0000000012510000, 0x0000000013510000)
 End Bits:   [0x0000000013510000, 0x0000000014510000)

Polling page: 0x00000000025d0000

CodeCache: size=245760Kb used=2753Kb max_used=2753Kb free=243006Kb
 bounds [0x00000000029e0000, 0x0000000002ca0000, 0x00000000119e0000]
 total_blobs=917 nmethods=657 adapters=173
 compilation: enabled

Compilation events (10 events):
Event: 5.391 Thread 0x0000000016910800  658       3       com.android.dx.ssa.back.FirstFitLocalCombiningAllocator::getAlignment (32 bytes)
Event: 5.391 Thread 0x0000000016910800 nmethod 658 0x0000000002c8a850 code [0x0000000002c8a9c0, 0x0000000002c8ac90]
Event: 5.391 Thread 0x0000000016910800  659       3       com.android.dx.ssa.back.FirstFitLocalCombiningAllocator$Alignment$3::nextClearBit (6 bytes)
Event: 5.392 Thread 0x0000000016910800 nmethod 659 0x0000000002c7d650 code [0x0000000002c7d7c0, 0x0000000002c7d968]
Event: 5.392 Thread 0x0000000016910800  660       3       java.util.BitSet::set (124 bytes)
Event: 5.392 Thread 0x0000000016910800 nmethod 660 0x0000000002c90210 code [0x0000000002c903e0, 0x0000000002c909a8]
Event: 5.393 Thread 0x0000000016910800  661       3       com.android.dx.ssa.back.FirstFitLocalCombiningAllocator::findNextUnreservedRopReg (12 bytes)
Event: 5.393 Thread 0x0000000016910800 nmethod 661 0x0000000002c8a250 code [0x0000000002c8a3e0, 0x0000000002c8a728]
Event: 5.394 Thread 0x0000000016910800  662       3       com.android.dx.rop.code.ThrowingCstInsn::<init> (51 bytes)
Event: 5.394 Thread 0x0000000016910800 nmethod 662 0x0000000002c90d90 code [0x0000000002c90f60, 0x0000000002c91558]

GC Heap History (0 events):
No events

Deoptimization events (1 events):
Event: 5.193 Thread 0x000000000264d800 Uncommon trap: reason=unstable_if action=reinterpret pc=0x0000000002bfb1e0 method=com.android.dx.util.BitIntSet.ensureCapacity(I)V @ 8

Internal exceptions (2 events):
Event: 1.016 Thread 0x000000000264d800 Exception <a 'java/lang/NoSuchMethodError': Method sun.misc.Unsafe.defineClass(Ljava/lang/String;[BII)Ljava/lang/Class; name or signature does not match> (0x00000000eab07cc0) thrown at [C:\re\workspace\8-2-build-windows-amd64-cygwin\jdk8u101\7261\hotspot\sÂ¾Að?
Event: 1.016 Thread 0x000000000264d800 Exception <a 'java/lang/NoSuchMethodError': Method sun.misc.Unsafe.prefetchRead(Ljava/lang/Object;J)V name or signature does not match> (0x00000000eab07fa8) thrown at [C:\re\workspace\8-2-build-windows-amd64-cygwin\jdk8u101\7261\hotspot\src\share\vm\prims\

Events (10 events):
Event: 4.656 loading class com/android/dx/rop/annotation/AnnotationsList done
Event: 4.656 loading class com/android/dx/dex/file/MethodIdItem
Event: 4.656 loading class com/android/dx/dex/file/MethodIdItem done
Event: 4.970 loading class com/android/dx/ssa/PhiInsn$Operand
Event: 4.970 loading class com/android/dx/ssa/PhiInsn$Operand done
Event: 5.193 Thread 0x000000000264d800 Uncommon trap: trap_request=0xffffff65 fr.pc=0x0000000002bfb1e0
Event: 5.193 Thread 0x000000000264d800 DEOPT PACKING pc=0x0000000002bfb1e0 sp=0x00000000027de7e0
Event: 5.193 Thread 0x000000000264d800 DEOPT UNPACKING pc=0x0000000002a2582a sp=0x00000000027de778 mode 2
Event: 5.194 loading class com/android/dx/ssa/back/FirstFitLocalCombiningAllocator$Multiset
Event: 5.194 loading class com/android/dx/ssa/back/FirstFitLocalCombiningAllocator$Multiset done


Dynamic libraries:
0x00007ff697f70000 - 0x00007ff697fa7000 	D:\Java\jdk1.8.0_101\bin\java.exe
0x00007ffcc4ea0000 - 0x00007ffcc5071000 	C:\WINDOWS\SYSTEM32\ntdll.dll
0x00007ffcc2430000 - 0x00007ffcc24db000 	C:\WINDOWS\System32\KERNEL32.DLL
0x00007ffcc1610000 - 0x00007ffcc182d000 	C:\WINDOWS\System32\KERNELBASE.dll
0x00007ffcc46d0000 - 0x00007ffcc4772000 	C:\WINDOWS\System32\ADVAPI32.dll
0x00007ffcc4490000 - 0x00007ffcc452e000 	C:\WINDOWS\System32\msvcrt.dll
0x00007ffcc4400000 - 0x00007ffcc4459000 	C:\WINDOWS\System32\sechost.dll
0x00007ffcc3fb0000 - 0x00007ffcc40d1000 	C:\WINDOWS\System32\RPCRT4.dll
0x00007ffcc4c90000 - 0x00007ffcc4df5000 	C:\WINDOWS\System32\USER32.dll
0x00007ffcc21f0000 - 0x00007ffcc220e000 	C:\WINDOWS\System32\win32u.dll
0x00007ffcc3f70000 - 0x00007ffcc3fa4000 	C:\WINDOWS\System32\GDI32.dll
0x00007ffcc1880000 - 0x00007ffcc1a02000 	C:\WINDOWS\System32\gdi32full.dll
0x00007ffcbaf30000 - 0x00007ffcbb1a9000 	C:\WINDOWS\WinSxS\amd64_microsoft.windows.common-controls_6595b64144ccf1df_6.0.14393.447_none_42191651c6827bb3\COMCTL32.dll
0x00007ffcc3bd0000 - 0x00007ffcc3e98000 	C:\WINDOWS\System32\combase.dll
0x00007ffcc2330000 - 0x00007ffcc2425000 	C:\WINDOWS\System32\ucrtbase.dll
0x00007ffcc2210000 - 0x00007ffcc227a000 	C:\WINDOWS\System32\bcryptPrimitives.dll
0x00007ffcc4460000 - 0x00007ffcc448e000 	C:\WINDOWS\System32\IMM32.DLL
0x00000000506e0000 - 0x00000000507b2000 	D:\Java\jdk1.8.0_101\jre\bin\msvcr100.dll
0x0000000077760000 - 0x0000000077ffa000 	D:\Java\jdk1.8.0_101\jre\bin\server\jvm.dll
0x00007ffcc4250000 - 0x00007ffcc4258000 	C:\WINDOWS\System32\PSAPI.DLL
0x00007ffcaefa0000 - 0x00007ffcaefa9000 	C:\WINDOWS\SYSTEM32\WSOCK32.dll
0x00007ffcc3f00000 - 0x00007ffcc3f6a000 	C:\WINDOWS\System32\WS2_32.dll
0x00007ffcbed00000 - 0x00007ffcbed23000 	C:\WINDOWS\SYSTEM32\WINMM.dll
0x00007ffcbddf0000 - 0x00007ffcbddfa000 	C:\WINDOWS\SYSTEM32\VERSION.dll
0x00007ffcbeca0000 - 0x00007ffcbeccb000 	C:\WINDOWS\SYSTEM32\WINMMBASE.dll
0x00007ffcc1830000 - 0x00007ffcc1872000 	C:\WINDOWS\System32\cfgmgr32.dll
0x00000000506d0000 - 0x00000000506df000 	D:\Java\jdk1.8.0_101\jre\bin\verify.dll
0x00000000506a0000 - 0x00000000506c9000 	D:\Java\jdk1.8.0_101\jre\bin\java.dll
0x0000000050680000 - 0x0000000050696000 	D:\Java\jdk1.8.0_101\jre\bin\zip.dll
0x00007ffcc2500000 - 0x00007ffcc3a09000 	C:\WINDOWS\System32\SHELL32.dll
0x00007ffcc1b10000 - 0x00007ffcc21ea000 	C:\WINDOWS\System32\windows.storage.dll
0x00007ffcc1310000 - 0x00007ffcc135c000 	C:\WINDOWS\System32\powrprof.dll
0x00007ffcc3ea0000 - 0x00007ffcc3ef2000 	C:\WINDOWS\System32\shlwapi.dll
0x00007ffcc1360000 - 0x00007ffcc136f000 	C:\WINDOWS\System32\kernel.appcore.dll
0x00007ffcc2280000 - 0x00007ffcc2329000 	C:\WINDOWS\System32\shcore.dll
0x00007ffcc1370000 - 0x00007ffcc1384000 	C:\WINDOWS\System32\profapi.dll

VM Arguments:
jvm_args: -Djava.awt.headless=true -Xmx1024M -Dfile.encoding=UTF-8 -Duser.country=SG -Duser.language=en -Duser.variant 
java_command: com.android.dx.command.Main --dex --force-jumbo --multi-dex --output D:\WeSave\app\build\intermediates\transforms\dex\debug\folders\1000\10\com.android.support-recyclerview-v7-24.2.1_8ae84e652b360b56da5727a26f2e3c5a8c3c1df2 D:\WeSave\app\build\intermediates\exploded-aar\com.android.support\recyclerview-v7\24.2.1\jars\classes.jar
java_class_path (initial): D:\Android\sdk\build-tools\21.1.2\lib\dx.jar
Launcher Type: SUN_STANDARD

Environment Variables:
JAVA_HOME=D:\Java\jdk1.8.0_101
PATH=C:\ProgramData\Oracle\Java\javapath;C:\Program Files (x86)\Intel\iCLS Client\;C:\Program Files\Intel\iCLS Client\;C:\Program Files (x86)\NVIDIA Corporation\PhysX\Common;C:\WINDOWS\system32;C:\WINDOWS;C:\WINDOWS\System32\Wbem;C:\WINDOWS\System32\WindowsPowerShell\v1.0\;C:\Program Files (x86)\Windows Live\Shared;C:\Program Files (x86)\Intel\OpenCL SDK\2.0\bin\x86;C:\Program Files (x86)\Intel\OpenCL SDK\2.0\bin\x64;C:\Program Files\Intel\Intel(R) Management Engine Components\DAL;C:\Program Files\Intel\Intel(R) Management Engine Components\IPT;C:\Program Files (x86)\Intel\Intel(R) Management Engine Components\DAL;C:\Program Files (x86)\Intel\Intel(R) Management Engine Components\IPT;C:\Program Files\Diskeeper Corporation\ExpressCache\;C:\Program Files\Microsoft SQL Server\130\Tools\Binn\;C:\php56;%JAVA_HOME%\bin\;%APACHE_HOME%\bin\;C:\ProgramData\ComposerSetup\bin;C:\Program Files\TortoiseSVN\bin;%PYTHON_HOME%\Scripts;%PYTHON_HOME%;D:\nodejs\;C:\Users\Huihui\AppData\Local\GitHub\PortableGit_63435a79518b44808827aa3194b76bea96231189\cmd;C:\Program Files (x86)\GnuWin32\bin;%CYGWIN_HOME%\bin;%APACHE_ANT_HOME%\bin;D:\PostgreSQL\pg95\bin;%NODE_HOME%\*;C:\Users\Huihui\AppData\Roaming\Composer\vendor\bin;C:\Users\Huihui\AppData\Local\Microsoft\WindowsApps;C:\Users\Huihui\AppData\Roaming\npm
USERNAME=Yong
OS=Windows_NT
PROCESSOR_IDENTIFIER=Intel64 Family 6 Model 58 Stepping 9, GenuineIntel



---------------  S Y S T E M  ---------------

OS: Windows 10.0 , 64 bit Build 14393 (10.0.14393.0)

CPU:total 4 (2 cores per cpu, 2 threads per core) family 6 model 58 stepping 9, cmov, cx8, fxsr, mmx, sse, sse2, sse3, ssse3, sse4.1, sse4.2, popcnt, avx, aes, clmul, erms, ht, tsc, tscinvbit, tscinv

Memory: 4k page, physical 8271376k(1072976k free), swap 10222096k(4148k free)

vm_info: Java HotSpot(TM) 64-Bit Server VM (25.101-b13) for windows-amd64 JRE (1.8.0_101-b13), built on Jun 22 2016 01:21:29 by "java_re" with MS VC++ 10.0 (VS2010)

time: Wed Jan 18 19:08:03 2017
elapsed time: 5 seconds (0d 0h 0m 5s)

