#
# There is insufficient memory for the Java Runtime Environment to continue.
# Native memory allocation (malloc) failed to allocate 262256 bytes for Chunk::new
# Possible reasons:
#   The system is out of physical RAM or swap space
#   In 32 bit mode, the process size limit was hit
# Possible solutions:
#   Reduce memory load on the system
#   Increase physical memory or swap space
#   Check if swap backing store is full
#   Use 64 bit Java on a 64 bit OS
#   Decrease Java heap size (-Xmx/-Xms)
#   Decrease number of Java threads
#   Decrease Java thread stack sizes (-Xss)
#   Set larger code cache with -XX:ReservedCodeCacheSize=
# This output file may be truncated or incomplete.
#
#  Out of Memory Error (allocation.cpp:390), pid=6552, tid=0x000000000000055c
#
# JRE version: Java(TM) SE Runtime Environment (8.0_101-b13) (build 1.8.0_101-b13)
# Java VM: Java HotSpot(TM) 64-Bit Server VM (25.101-b13 mixed mode windows-amd64 compressed oops)
# Failed to write core dump. Minidumps are not enabled by default on client versions of Windows
#

---------------  T H R E A D  ---------------

Current thread (0x00000000155e0800):  JavaThread "C2 CompilerThread1" daemon [_thread_in_native, id=1372, stack(0x0000000016d30000,0x0000000016e30000)]

Stack: [0x0000000016d30000,0x0000000016e30000]
[error occurred during error reporting (printing stack bounds), id 0xc0000005]

Native frames: (J=compiled Java code, j=interpreted, Vv=VM code, C=native code)


Current CompileTask:
C2:  12214 2006       4       com.android.dx.ssa.SsaMethod::forEachBlockDepthFirstDom (128 bytes)


---------------  P R O C E S S  ---------------

Java Threads: ( => current thread )
  0x0000000016f35000 JavaThread "Service Thread" daemon [_thread_blocked, id=13768, stack(0x0000000017330000,0x0000000017430000)]
  0x000000001563b800 JavaThread "C1 CompilerThread2" daemon [_thread_blocked, id=13720, stack(0x0000000016e30000,0x0000000016f30000)]
=>0x00000000155e0800 JavaThread "C2 CompilerThread1" daemon [_thread_in_native, id=1372, stack(0x0000000016d30000,0x0000000016e30000)]
  0x00000000155de000 JavaThread "C2 CompilerThread0" daemon [_thread_in_native, id=6740, stack(0x0000000016c30000,0x0000000016d30000)]
  0x00000000155dc000 JavaThread "Attach Listener" daemon [_thread_blocked, id=13688, stack(0x0000000016b30000,0x0000000016c30000)]
  0x00000000155da800 JavaThread "Signal Dispatcher" daemon [_thread_blocked, id=12520, stack(0x0000000016a30000,0x0000000016b30000)]
  0x00000000155ca000 JavaThread "Finalizer" daemon [_thread_blocked, id=8236, stack(0x0000000016840000,0x0000000016940000)]
  0x0000000002f00000 JavaThread "Reference Handler" daemon [_thread_blocked, id=13736, stack(0x0000000016740000,0x0000000016840000)]
  0x0000000002b7d800 JavaThread "main" [_thread_in_vm, id=3860, stack(0x0000000002c10000,0x0000000002d10000)]

Other Threads:
  0x00000000155a6800 VMThread [stack: 0x0000000016640000,0x0000000016740000] [id=13732]
  0x0000000016f4c800 WatcherThread [stack: 0x0000000017430000,0x0000000017530000] [id=13772]

VM state:not at safepoint (normal execution)

VM Mutex/Monitor currently owned by a thread: None

Heap:
 PSYoungGen      total 71680K, used 13178K [0x00000000eab00000, 0x00000000f4b00000, 0x0000000100000000)
  eden space 66560K, 12% used [0x00000000eab00000,0x00000000eb2e6878,0x00000000eec00000)
  from space 5120K, 99% used [0x00000000eec00000,0x00000000ef0f8010,0x00000000ef100000)
  to   space 15360K, 0% used [0x00000000f3c00000,0x00000000f3c00000,0x00000000f4b00000)
 ParOldGen       total 87552K, used 24185K [0x00000000c0000000, 0x00000000c5580000, 0x00000000eab00000)
  object space 87552K, 27% used [0x00000000c0000000,0x00000000c179e540,0x00000000c5580000)
 Metaspace       used 6038K, capacity 7088K, committed 7296K, reserved 1056768K
  class space    used 580K, capacity 616K, committed 640K, reserved 1048576K

Card table byte_map: [0x00000000122d0000,0x00000000124e0000] byte_map_base: 0x0000000011cd0000

Marking Bits: (ParMarkBitMap*) 0x0000000077f7a6d0
 Begin Bits: [0x0000000012a40000, 0x0000000013a40000)
 End Bits:   [0x0000000013a40000, 0x0000000014a40000)

Polling page: 0x0000000002b80000

CodeCache: size=245760Kb used=9784Kb max_used=9795Kb free=235975Kb
 bounds [0x0000000002f10000, 0x00000000038b0000, 0x0000000011f10000]
 total_blobs=2225 nmethods=1960 adapters=178
 compilation: enabled

Compilation events (10 events):
Event: 12.186 Thread 0x000000001563b800 2002       3       com.android.dx.dex.file.AnnotationUtils::makeSignature (251 bytes)
Event: 12.189 Thread 0x000000001563b800 nmethod 2002 0x000000000386eb50 code [0x000000000386efa0, 0x00000000038719c8]
Event: 12.191 Thread 0x00000000155e0800 2003       4       com.android.dx.rop.code.BasicBlockList$RegCountVisitor::visitThrowingInsn (6 bytes)
Event: 12.193 Thread 0x00000000155de000 2004       4       com.android.dx.rop.code.Rop::<init> (137 bytes)
Event: 12.196 Thread 0x00000000155de000 nmethod 2004 0x000000000386e5d0 code [0x000000000386e720, 0x000000000386e938]
Event: 12.196 Thread 0x00000000155de000 2005 %     4       com.android.dx.ssa.back.SsaToRop::removePhiFunctions @ 56 (83 bytes)
Event: 12.197 Thread 0x00000000155e0800 nmethod 2003 0x000000000386dd90 code [0x000000000386dee0, 0x000000000386e158]
Event: 12.200 Thread 0x00000000155e0800 2006       4       com.android.dx.ssa.SsaMethod::forEachBlockDepthFirstDom (128 bytes)
Event: 12.207 Thread 0x00000000155de000 nmethod 2005% 0x000000000386d4d0 code [0x000000000386d640, 0x000000000386da58]
Event: 12.207 Thread 0x00000000155de000 2007       4       java.util.TreeMap$ValueIterator::next (8 bytes)

GC Heap History (10 events):
Event: 5.156 GC heap before
{Heap before GC invocations=1 (full 0):
 PSYoungGen      total 38400K, used 33280K [0x00000000eab00000, 0x00000000ed580000, 0x0000000100000000)
  eden space 33280K, 100% used [0x00000000eab00000,0x00000000ecb80000,0x00000000ecb80000)
  from space 5120K, 0% used [0x00000000ed080000,0x00000000ed080000,0x00000000ed580000)
  to   space 5120K, 0% used [0x00000000ecb80000,0x00000000ecb80000,0x00000000ed080000)
 ParOldGen       total 87552K, used 0K [0x00000000c0000000, 0x00000000c5580000, 0x00000000eab00000)
  object space 87552K, 0% used [0x00000000c0000000,0x00000000c0000000,0x00000000c5580000)
 Metaspace       used 5709K, capacity 6896K, committed 7040K, reserved 1056768K
  class space    used 558K, capacity 616K, committed 640K, reserved 1048576K
Event: 5.184 GC heap after
Heap after GC invocations=1 (full 0):
 PSYoungGen      total 38400K, used 5095K [0x00000000eab00000, 0x00000000ed580000, 0x0000000100000000)
  eden space 33280K, 0% used [0x00000000eab00000,0x00000000eab00000,0x00000000ecb80000)
  from space 5120K, 99% used [0x00000000ecb80000,0x00000000ed079fb0,0x00000000ed080000)
  to   space 5120K, 0% used [0x00000000ed080000,0x00000000ed080000,0x00000000ed580000)
 ParOldGen       total 87552K, used 1322K [0x00000000c0000000, 0x00000000c5580000, 0x00000000eab00000)
  object space 87552K, 1% used [0x00000000c0000000,0x00000000c014a9f0,0x00000000c5580000)
 Metaspace       used 5709K, capacity 6896K, committed 7040K, reserved 1056768K
  class space    used 558K, capacity 616K, committed 640K, reserved 1048576K
}
Event: 6.460 GC heap before
{Heap before GC invocations=2 (full 0):
 PSYoungGen      total 38400K, used 38375K [0x00000000eab00000, 0x00000000ed580000, 0x0000000100000000)
  eden space 33280K, 100% used [0x00000000eab00000,0x00000000ecb80000,0x00000000ecb80000)
  from space 5120K, 99% used [0x00000000ecb80000,0x00000000ed079fb0,0x00000000ed080000)
  to   space 5120K, 0% used [0x00000000ed080000,0x00000000ed080000,0x00000000ed580000)
 ParOldGen       total 87552K, used 1322K [0x00000000c0000000, 0x00000000c5580000, 0x00000000eab00000)
  object space 87552K, 1% used [0x00000000c0000000,0x00000000c014a9f0,0x00000000c5580000)
 Metaspace       used 5939K, capacity 7024K, committed 7296K, reserved 1056768K
  class space    used 580K, capacity 616K, committed 640K, reserved 1048576K
Event: 6.475 GC heap after
Heap after GC invocations=2 (full 0):
 PSYoungGen      total 38400K, used 5114K [0x00000000eab00000, 0x00000000ed580000, 0x0000000100000000)
  eden space 33280K, 0% used [0x00000000eab00000,0x00000000eab00000,0x00000000ecb80000)
  from space 5120K, 99% used [0x00000000ed080000,0x00000000ed57eaa8,0x00000000ed580000)
  to   space 5120K, 0% used [0x00000000ecb80000,0x00000000ecb80000,0x00000000ed080000)
 ParOldGen       total 87552K, used 5528K [0x00000000c0000000, 0x00000000c5580000, 0x00000000eab00000)
  object space 87552K, 6% used [0x00000000c0000000,0x00000000c0566278,0x00000000c5580000)
 Metaspace       used 5939K, capacity 7024K, committed 7296K, reserved 1056768K
  class space    used 580K, capacity 616K, committed 640K, reserved 1048576K
}
Event: 7.287 GC heap before
{Heap before GC invocations=3 (full 0):
 PSYoungGen      total 38400K, used 38394K [0x00000000eab00000, 0x00000000ed580000, 0x0000000100000000)
  eden space 33280K, 100% used [0x00000000eab00000,0x00000000ecb80000,0x00000000ecb80000)
  from space 5120K, 99% used [0x00000000ed080000,0x00000000ed57eaa8,0x00000000ed580000)
  to   space 5120K, 0% used [0x00000000ecb80000,0x00000000ecb80000,0x00000000ed080000)
 ParOldGen       total 87552K, used 5528K [0x00000000c0000000, 0x00000000c5580000, 0x00000000eab00000)
  object space 87552K, 6% used [0x00000000c0000000,0x00000000c0566278,0x00000000c5580000)
 Metaspace       used 5976K, capacity 7088K, committed 7296K, reserved 1056768K
  class space    used 580K, capacity 616K, committed 640K, reserved 1048576K
Event: 7.324 GC heap after
Heap after GC invocations=3 (full 0):
 PSYoungGen      total 38400K, used 5088K [0x00000000eab00000, 0x00000000ef600000, 0x0000000100000000)
  eden space 33280K, 0% used [0x00000000eab00000,0x00000000eab00000,0x00000000ecb80000)
  from space 5120K, 99% used [0x00000000ecb80000,0x00000000ed078010,0x00000000ed080000)
  to   space 5120K, 0% used [0x00000000ef100000,0x00000000ef100000,0x00000000ef600000)
 ParOldGen       total 87552K, used 10064K [0x00000000c0000000, 0x00000000c5580000, 0x00000000eab00000)
  object space 87552K, 11% used [0x00000000c0000000,0x00000000c09d4380,0x00000000c5580000)
 Metaspace       used 5976K, capacity 7088K, committed 7296K, reserved 1056768K
  class space    used 580K, capacity 616K, committed 640K, reserved 1048576K
}
Event: 8.566 GC heap before
{Heap before GC invocations=4 (full 0):
 PSYoungGen      total 38400K, used 38368K [0x00000000eab00000, 0x00000000ef600000, 0x0000000100000000)
  eden space 33280K, 100% used [0x00000000eab00000,0x00000000ecb80000,0x00000000ecb80000)
  from space 5120K, 99% used [0x00000000ecb80000,0x00000000ed078010,0x00000000ed080000)
  to   space 5120K, 0% used [0x00000000ef100000,0x00000000ef100000,0x00000000ef600000)
 ParOldGen       total 87552K, used 10064K [0x00000000c0000000, 0x00000000c5580000, 0x00000000eab00000)
  object space 87552K, 11% used [0x00000000c0000000,0x00000000c09d4380,0x00000000c5580000)
 Metaspace       used 6005K, capacity 7088K, committed 7296K, reserved 1056768K
  class space    used 580K, capacity 616K, committed 640K, reserved 1048576K
Event: 8.687 GC heap after
Heap after GC invocations=4 (full 0):
 PSYoungGen      total 71680K, used 5088K [0x00000000eab00000, 0x00000000ef600000, 0x0000000100000000)
  eden space 66560K, 0% used [0x00000000eab00000,0x00000000eab00000,0x00000000eec00000)
  from space 5120K, 99% used [0x00000000ef100000,0x00000000ef5f8010,0x00000000ef600000)
  to   space 5120K, 0% used [0x00000000eec00000,0x00000000eec00000,0x00000000ef100000)
 ParOldGen       total 87552K, used 14608K [0x00000000c0000000, 0x00000000c5580000, 0x00000000eab00000)
  object space 87552K, 16% used [0x00000000c0000000,0x00000000c0e44380,0x00000000c5580000)
 Metaspace       used 6005K, capacity 7088K, committed 7296K, reserved 1056768K
  class space    used 580K, capacity 616K, committed 640K, reserved 1048576K
}
Event: 11.886 GC heap before
{Heap before GC invocations=5 (full 0):
 PSYoungGen      total 71680K, used 71648K [0x00000000eab00000, 0x00000000ef600000, 0x0000000100000000)
  eden space 66560K, 100% used [0x00000000eab00000,0x00000000eec00000,0x00000000eec00000)
  from space 5120K, 99% used [0x00000000ef100000,0x00000000ef5f8010,0x00000000ef600000)
  to   space 5120K, 0% used [0x00000000eec00000,0x00000000eec00000,0x00000000ef100000)
 ParOldGen       total 87552K, used 14608K [0x00000000c0000000, 0x00000000c5580000, 0x00000000eab00000)
  object space 87552K, 16% used [0x00000000c0000000,0x00000000c0e44380,0x00000000c5580000)
 Metaspace       used 6037K, capacity 7088K, committed 7296K, reserved 1056768K
  class space    used 580K, capacity 616K, committed 640K, reserved 1048576K
Event: 11.986 GC heap after
Heap after GC invocations=5 (full 0):
 PSYoungGen      total 71680K, used 5088K [0x00000000eab00000, 0x00000000f4b00000, 0x0000000100000000)
  eden space 66560K, 0% used [0x00000000eab00000,0x00000000eab00000,0x00000000eec00000)
  from space 5120K, 99% used [0x00000000eec00000,0x00000000ef0f8010,0x00000000ef100000)
  to   space 15360K, 0% used [0x00000000f3c00000,0x00000000f3c00000,0x00000000f4b00000)
 ParOldGen       total 87552K, used 24185K [0x00000000c0000000, 0x00000000c5580000, 0x00000000eab00000)
  object space 87552K, 27% used [0x00000000c0000000,0x00000000c179e540,0x00000000c5580000)
 Metaspace       used 6037K, capacity 7088K, committed 7296K, reserved 1056768K
  class space    used 580K, capacity 616K, committed 640K, reserved 1048576K
}

Deoptimization events (10 events):
Event: 8.131 Thread 0x0000000002b7d800 Uncommon trap: reason=bimorphic action=maybe_recompile pc=0x000000000358d7f8 method=com.android.dx.cf.code.BytecodeArray.parseInstruction(ILcom/android/dx/cf/code/BytecodeArray$Visitor;)I @ 1224
Event: 8.131 Thread 0x0000000002b7d800 Uncommon trap: reason=bimorphic action=maybe_recompile pc=0x000000000358d5cc method=com.android.dx.cf.code.BytecodeArray.parseInstruction(ILcom/android/dx/cf/code/BytecodeArray$Visitor;)I @ 1067
Event: 8.131 Thread 0x0000000002b7d800 Uncommon trap: reason=bimorphic action=maybe_recompile pc=0x000000000358d5cc method=com.android.dx.cf.code.BytecodeArray.parseInstruction(ILcom/android/dx/cf/code/BytecodeArray$Visitor;)I @ 1067
Event: 8.142 Thread 0x0000000002b7d800 Uncommon trap: reason=class_check action=maybe_recompile pc=0x00000000034c4ba8 method=com.android.dx.cf.code.RopperMachine.run(Lcom/android/dx/cf/code/Frame;II)V @ 310
Event: 8.142 Thread 0x0000000002b7d800 Uncommon trap: reason=class_check action=maybe_recompile pc=0x00000000034c4ba8 method=com.android.dx.cf.code.RopperMachine.run(Lcom/android/dx/cf/code/Frame;II)V @ 310
Event: 8.143 Thread 0x0000000002b7d800 Uncommon trap: reason=class_check action=maybe_recompile pc=0x00000000034c4ba8 method=com.android.dx.cf.code.RopperMachine.run(Lcom/android/dx/cf/code/Frame;II)V @ 310
Event: 8.143 Thread 0x0000000002b7d800 Uncommon trap: reason=class_check action=maybe_recompile pc=0x00000000034c4ba8 method=com.android.dx.cf.code.RopperMachine.run(Lcom/android/dx/cf/code/Frame;II)V @ 310
Event: 10.297 Thread 0x0000000002b7d800 Uncommon trap: reason=unstable_if action=reinterpret pc=0x0000000003788084 method=com.android.dx.cf.code.Ropper.isSynchronized()Z @ 12
Event: 10.491 Thread 0x0000000002b7d800 Uncommon trap: reason=unstable_if action=reinterpret pc=0x0000000003391000 method=com.android.dx.ssa.MoveParamCombiner$1.visitNonMoveInsn(Lcom/android/dx/ssa/NormalSsaInsn;)V @ 27
Event: 11.024 Thread 0x0000000002b7d800 Uncommon trap: reason=unstable_if action=reinterpret pc=0x00000000036c7ec8 method=com.android.dx.cf.code.Merger.mergeType(Lcom/android/dx/rop/type/TypeBearer;Lcom/android/dx/rop/type/TypeBearer;)Lcom/android/dx/rop/type/TypeBearer; @ 52

Internal exceptions (6 events):
Event: 0.106 Thread 0x0000000002b7d800 Exception <a 'java/lang/NoSuchMethodError': Method sun.misc.Unsafe.defineClass(Ljava/lang/String;[BII)Ljava/lang/Class; name or signature does not match> (0x00000000eab07cc0) thrown at [C:\re\workspace\8-2-build-windows-amd64-cygwin\jdk8u101\7261\hotspot\sÄERøÞ»?
Event: 0.106 Thread 0x0000000002b7d800 Exception <a 'java/lang/NoSuchMethodError': Method sun.misc.Unsafe.prefetchRead(Ljava/lang/Object;J)V name or signature does not match> (0x00000000eab07fa8) thrown at [C:\re\workspace\8-2-build-windows-amd64-cygwin\jdk8u101\7261\hotspot\src\share\vm\prims\2ß•<¢¨@
Event: 5.415 Thread 0x0000000002b7d800 Implicit null exception at 0x000000000332e322 to 0x000000000332e412
Event: 6.180 Thread 0x0000000002b7d800 Exception <a 'java/lang/ArrayIndexOutOfBoundsException': 18> (0x00000000ebfea7c0) thrown at [C:\re\workspace\8-2-build-windows-amd64-cygwin\jdk8u101\7261\hotspot\src\share\vm\interpreter\interpreterRuntime.cpp, line 366]
Event: 6.180 Thread 0x0000000002b7d800 Exception <a 'java/lang/ArrayIndexOutOfBoundsException': 145> (0x00000000ebfec340) thrown at [C:\re\workspace\8-2-build-windows-amd64-cygwin\jdk8u101\7261\hotspot\src\share\vm\interpreter\interpreterRuntime.cpp, line 366]
Event: 6.181 Thread 0x0000000002b7d800 Exception <a 'java/lang/ArrayIndexOutOfBoundsException'> (0x00000000ebfed628) thrown at [C:\re\workspace\8-2-build-windows-amd64-cygwin\jdk8u101\7261\hotspot\src\share\vm\runtime\sharedRuntime.cpp, line 605]

Events (10 events):
Event: 11.237 Thread 0x0000000002b7d800 DEOPT PACKING pc=0x0000000003468ac1 sp=0x0000000002d0e490
Event: 11.237 Thread 0x0000000002b7d800 DEOPT UNPACKING pc=0x0000000002f5787f sp=0x0000000002d0e270 mode 0
Event: 11.739 Thread 0x0000000002b7d800 DEOPT PACKING pc=0x00000000034254bd sp=0x0000000002d0e4d0
Event: 11.739 Thread 0x0000000002b7d800 DEOPT UNPACKING pc=0x0000000002f5787f sp=0x0000000002d0e208 mode 0
Event: 11.886 Executing VM operation: ParallelGCFailedAllocation
Event: 11.986 Executing VM operation: ParallelGCFailedAllocation done
Event: 12.020 Thread 0x0000000002b7d800 DEOPT PACKING pc=0x0000000003453640 sp=0x0000000002d0e430
Event: 12.020 Thread 0x0000000002b7d800 DEOPT UNPACKING pc=0x0000000002f5787f sp=0x0000000002d0e1c0 mode 0
Event: 12.200 Thread 0x0000000002b7d800 DEOPT PACKING pc=0x0000000003468ac1 sp=0x0000000002d0e3e0
Event: 12.204 Thread 0x0000000002b7d800 DEOPT UNPACKING pc=0x0000000002f5787f sp=0x0000000002d0e1c0 mode 0


Dynamic libraries:
0x00007ff697f70000 - 0x00007ff697fa7000 	D:\Java\jdk1.8.0_101\bin\java.exe
0x00007ffcc4ea0000 - 0x00007ffcc5071000 	C:\WINDOWS\SYSTEM32\ntdll.dll
0x00007ffcc2430000 - 0x00007ffcc24db000 	C:\WINDOWS\System32\KERNEL32.DLL
0x00007ffcc1610000 - 0x00007ffcc182d000 	C:\WINDOWS\System32\KERNELBASE.dll
0x00007ffcc46d0000 - 0x00007ffcc4772000 	C:\WINDOWS\System32\ADVAPI32.dll
0x00007ffcc4490000 - 0x00007ffcc452e000 	C:\WINDOWS\System32\msvcrt.dll
0x00007ffcc4400000 - 0x00007ffcc4459000 	C:\WINDOWS\System32\sechost.dll
0x00007ffcc3fb0000 - 0x00007ffcc40d1000 	C:\WINDOWS\System32\RPCRT4.dll
0x00007ffcc4c90000 - 0x00007ffcc4df5000 	C:\WINDOWS\System32\USER32.dll
0x00007ffcc21f0000 - 0x00007ffcc220e000 	C:\WINDOWS\System32\win32u.dll
0x00007ffcc3f70000 - 0x00007ffcc3fa4000 	C:\WINDOWS\System32\GDI32.dll
0x00007ffcc1880000 - 0x00007ffcc1a02000 	C:\WINDOWS\System32\gdi32full.dll
0x00007ffcbaf30000 - 0x00007ffcbb1a9000 	C:\WINDOWS\WinSxS\amd64_microsoft.windows.common-controls_6595b64144ccf1df_6.0.14393.447_none_42191651c6827bb3\COMCTL32.dll
0x00007ffcc3bd0000 - 0x00007ffcc3e98000 	C:\WINDOWS\System32\combase.dll
0x00007ffcc2330000 - 0x00007ffcc2425000 	C:\WINDOWS\System32\ucrtbase.dll
0x00007ffcc2210000 - 0x00007ffcc227a000 	C:\WINDOWS\System32\bcryptPrimitives.dll
0x00007ffcc4460000 - 0x00007ffcc448e000 	C:\WINDOWS\System32\IMM32.DLL
0x00000000506e0000 - 0x00000000507b2000 	D:\Java\jdk1.8.0_101\jre\bin\msvcr100.dll
0x0000000077760000 - 0x0000000077ffa000 	D:\Java\jdk1.8.0_101\jre\bin\server\jvm.dll
0x00007ffcc4250000 - 0x00007ffcc4258000 	C:\WINDOWS\System32\PSAPI.DLL
0x00007ffcaefa0000 - 0x00007ffcaefa9000 	C:\WINDOWS\SYSTEM32\WSOCK32.dll
0x00007ffcc3f00000 - 0x00007ffcc3f6a000 	C:\WINDOWS\System32\WS2_32.dll
0x00007ffcbed00000 - 0x00007ffcbed23000 	C:\WINDOWS\SYSTEM32\WINMM.dll
0x00007ffcbddf0000 - 0x00007ffcbddfa000 	C:\WINDOWS\SYSTEM32\VERSION.dll
0x00007ffcbeca0000 - 0x00007ffcbeccb000 	C:\WINDOWS\SYSTEM32\WINMMBASE.dll
0x00007ffcc1830000 - 0x00007ffcc1872000 	C:\WINDOWS\System32\cfgmgr32.dll
0x00000000506d0000 - 0x00000000506df000 	D:\Java\jdk1.8.0_101\jre\bin\verify.dll
0x00000000506a0000 - 0x00000000506c9000 	D:\Java\jdk1.8.0_101\jre\bin\java.dll
0x0000000050680000 - 0x0000000050696000 	D:\Java\jdk1.8.0_101\jre\bin\zip.dll
0x00007ffcc2500000 - 0x00007ffcc3a09000 	C:\WINDOWS\System32\SHELL32.dll
0x00007ffcc1b10000 - 0x00007ffcc21ea000 	C:\WINDOWS\System32\windows.storage.dll
0x00007ffcc1310000 - 0x00007ffcc135c000 	C:\WINDOWS\System32\powrprof.dll
0x00007ffcc3ea0000 - 0x00007ffcc3ef2000 	C:\WINDOWS\System32\shlwapi.dll
0x00007ffcc1360000 - 0x00007ffcc136f000 	C:\WINDOWS\System32\kernel.appcore.dll
0x00007ffcc2280000 - 0x00007ffcc2329000 	C:\WINDOWS\System32\shcore.dll
0x00007ffcc1370000 - 0x00007ffcc1384000 	C:\WINDOWS\System32\profapi.dll

VM Arguments:
jvm_args: -Djava.awt.headless=true -Xmx1024M -Dfile.encoding=UTF-8 -Duser.country=SG -Duser.language=en -Duser.variant 
java_command: com.android.dx.command.Main --dex --force-jumbo --multi-dex --output D:\WeSave\app\build\intermediates\transforms\dex\debug\folders\1000\10\core-3.2.1_cc79ef481e23ccb7a9cbb16e3c9839e9cbecab00 C:\Users\Huihui\.gradle\caches\modules-2\files-2.1\com.google.zxing\core\3.2.1\2287494d4f5f9f3a9a2bb6980e3f32053721b315\core-3.2.1.jar
java_class_path (initial): D:\Android\sdk\build-tools\21.1.2\lib\dx.jar
Launcher Type: SUN_STANDARD

Environment Variables:
JAVA_HOME=D:\Java\jdk1.8.0_101
PATH=C:\ProgramData\Oracle\Java\javapath;C:\Program Files (x86)\Intel\iCLS Client\;C:\Program Files\Intel\iCLS Client\;C:\Program Files (x86)\NVIDIA Corporation\PhysX\Common;C:\WINDOWS\system32;C:\WINDOWS;C:\WINDOWS\System32\Wbem;C:\WINDOWS\System32\WindowsPowerShell\v1.0\;C:\Program Files (x86)\Windows Live\Shared;C:\Program Files (x86)\Intel\OpenCL SDK\2.0\bin\x86;C:\Program Files (x86)\Intel\OpenCL SDK\2.0\bin\x64;C:\Program Files\Intel\Intel(R) Management Engine Components\DAL;C:\Program Files\Intel\Intel(R) Management Engine Components\IPT;C:\Program Files (x86)\Intel\Intel(R) Management Engine Components\DAL;C:\Program Files (x86)\Intel\Intel(R) Management Engine Components\IPT;C:\Program Files\Diskeeper Corporation\ExpressCache\;C:\Program Files\Microsoft SQL Server\130\Tools\Binn\;C:\php56;%JAVA_HOME%\bin\;%APACHE_HOME%\bin\;C:\ProgramData\ComposerSetup\bin;C:\Program Files\TortoiseSVN\bin;%PYTHON_HOME%\Scripts;%PYTHON_HOME%;D:\nodejs\;C:\Users\Huihui\AppData\Local\GitHub\PortableGit_63435a79518b44808827aa3194b76bea96231189\cmd;C:\Program Files (x86)\GnuWin32\bin;%CYGWIN_HOME%\bin;%APACHE_ANT_HOME%\bin;D:\PostgreSQL\pg95\bin;%NODE_HOME%\*;C:\Users\Huihui\AppData\Roaming\Composer\vendor\bin;C:\Users\Huihui\AppData\Local\Microsoft\WindowsApps;C:\Users\Huihui\AppData\Roaming\npm
USERNAME=Yong
OS=Windows_NT
PROCESSOR_IDENTIFIER=Intel64 Family 6 Model 58 Stepping 9, GenuineIntel



---------------  S Y S T E M  ---------------

OS: Windows 10.0 , 64 bit Build 14393 (10.0.14393.0)

CPU:total 4 (2 cores per cpu, 2 threads per core) family 6 model 58 stepping 9, cmov, cx8, fxsr, mmx, sse, sse2, sse3, ssse3, sse4.1, sse4.2, popcnt, avx, aes, clmul, erms, ht, tsc, tscinvbit, tscinv

Memory: 4k page, physical 8271376k(1073176k free), swap 10222096k(3272k free)

vm_info: Java HotSpot(TM) 64-Bit Server VM (25.101-b13) for windows-amd64 JRE (1.8.0_101-b13), built on Jun 22 2016 01:21:29 by "java_re" with MS VC++ 10.0 (VS2010)

time: Wed Jan 18 19:08:03 2017
elapsed time: 12 seconds (0d 0h 0m 12s)

